app/build/outputs/logs/manifest-merger-debug-report.txt
-- Merging decision tree log ---
manifest
ADDED from src/main/AndroidManifest.xml:2:1-116:12
INJECTED from src/main/AndroidManifest.xml:2:1-116:12
INJECTED from src/main/AndroidManifest.xml:2:1-116:12
INJECTED from src/main/AndroidManifest.xml:2:1-116:12
MERGED from [com.android.support:design:28.0.0-alpha3] AndroidManifest.xml:17:1-24:12
MERGED from [com.android.support:support-v4:28.0.0-alpha3] AndroidManifest.xml:17:1-22:12
MERGED from [com.android.volley:volley:1.1.0] AndroidManifest.xml:2:1-11:12
MERGED from [com.netease.nimlib:basesdk:6.1.1] AndroidManifest.xml:2:1-63:12
MERGED from [com.netease.nimlib:nrtc:6.1.1] AndroidManifest.xml:2:1-11:12
MERGED from [com.netease.nimlib:avchat:6.1.1] AndroidManifest.xml:2:1-11:12
MERGED from [com.netease.nimlib:chatroom:6.1.1] AndroidManifest.xml:2:1-11:12
MERGED from [com.netease.nimlib:rts:6.1.1] AndroidManifest.xml:2:1-11:12
MERGED from [com.netease.nimlib:lucene:6.1.1] AndroidManifest.xml:2:1-11:12
MERGED from [com.netease.nimlib:push:6.1.1] AndroidManifest.xml:2:1-122:12
MERGED from [com.android.support:appcompat-v7:28.0.0-alpha3] AndroidManifest.xml:17:1-22:12
MERGED from [com.android.support:support-fragment:28.0.0-alpha3] AndroidManifest.xml:17:1-22:12
MERGED from [com.android.support:recyclerview-v7:28.0.0-alpha3] AndroidManifest.xml:17:1-22:12
MERGED from [com.android.support:animated-vector-drawable:28.0.0-alpha3] AndroidManifest.xml:17:1-22:12
MERGED from [com.android.support:support-core-ui:28.0.0-alpha3] AndroidManifest.xml:17:1-22:12
MERGED from [com.android.support:support-core-utils:28.0.0-alpha3] AndroidManifest.xml:17:1-22:12
MERGED from [com.android.support:transition:28.0.0-alpha3] AndroidManifest.xml:17:1-22:12
MERGED from [com.android.support:support-media-compat:28.0.0-alpha3] AndroidManifest.xml:17:1-22:12
MERGED from [com.android.support:viewpager:28.0.0-alpha3] AndroidManifest.xml:17:1-22:12
MERGED from [com.android.support:coordinatorlayout:28.0.0-alpha3] AndroidManifest.xml:17:1-22:12
MERGED from [com.android.support:drawerlayout:28.0.0-alpha3] AndroidManifest.xml:17:1-22:12
MERGED from [com.android.support:slidingpanelayout:28.0.0-alpha3] AndroidManifest.xml:17:1-22:12
MERGED from [com.android.support:customview:28.0.0-alpha3] AndroidManifest.xml:17:1-22:12
MERGED from [com.android.support:swiperefreshlayout:28.0.0-alpha3] AndroidManifest.xml:17:1-22:12
MERGED from [com.android.support:asynclayoutinflater:28.0.0-alpha3] AndroidManifest.xml:17:1-22:12
MERGED from [com.android.support:loader:28.0.0-alpha3] AndroidManifest.xml:17:1-22:12
MERGED from [com.android.support:support-vector-drawable:28.0.0-alpha3] AndroidManifest.xml:17:1-22:12
MERGED from [com.android.support:support-compat:28.0.0-alpha3] AndroidManifest.xml:17:1-24:12
MERGED from [com.android.support:cardview-v7:28.0.0-alpha3] AndroidManifest.xml:17:1-22:12
MERGED from [android.arch.lifecycle:runtime:1.1.1] AndroidManifest.xml:17:1-22:12
MERGED from [com.android.support:versionedparcelable:28.0.0-alpha3] AndroidManifest.xml:17:1-25:12
MERGED from [com.android.support:interpolator:28.0.0-alpha3] AndroidManifest.xml:17:1-22:12
MERGED from [com.android.support:cursoradapter:28.0.0-alpha3] AndroidManifest.xml:17:1-22:12
MERGED from [com.android.support:documentfile:28.0.0-alpha3] AndroidManifest.xml:17:1-22:12
MERGED from [com.android.support:localbroadcastmanager:28.0.0-alpha3] AndroidManifest.xml:17:1-22:12
MERGED from [com.android.support:print:28.0.0-alpha3] AndroidManifest.xml:17:1-22:12
MERGED from [android.arch.lifecycle:viewmodel:1.1.1] AndroidManifest.xml:17:1-22:12
MERGED from [android.arch.lifecycle:livedata-core:1.1.1] AndroidManifest.xml:17:1-22:12
MERGED from [android.arch.core:runtime:1.1.1] AndroidManifest.xml:17:1-22:12
INJECTED from src/main/AndroidManifest.xml:2:1-116:12
INJECTED from src/main/AndroidManifest.xml:2:1-116:12
INJECTED from src/main/AndroidManifest.xml:2:1-116:12
	package
		ADDED from src/main/AndroidManifest.xml:3:5-34
		INJECTED from src/main/AndroidManifest.xml
		INJECTED from src/main/AndroidManifest.xml
	android:versionName
		INJECTED from src/main/AndroidManifest.xml
		ADDED from src/main/AndroidManifest.xml:2:1-116:12
		INJECTED from src/main/AndroidManifest.xml
	android:versionCode
		INJECTED from src/main/AndroidManifest.xml
		ADDED from src/main/AndroidManifest.xml:2:1-116:12
		INJECTED from src/main/AndroidManifest.xml
	xmlns:android
		ADDED from src/main/AndroidManifest.xml:2:11-69
uses-permission#android.permission.INTERNET
ADDED from src/main/AndroidManifest.xml:7:5-67
MERGED from [com.netease.nimlib:basesdk:6.1.1] AndroidManifest.xml:14:5-67
MERGED from [com.netease.nimlib:basesdk:6.1.1] AndroidManifest.xml:14:5-67
	android:name
		ADDED from src/main/AndroidManifest.xml:7:22-64
uses-permission#android.permission.ACCESS_NETWORK_STATE
ADDED from src/main/AndroidManifest.xml:8:5-79
MERGED from [com.netease.nimlib:basesdk:6.1.1] AndroidManifest.xml:15:5-79
MERGED from [com.netease.nimlib:basesdk:6.1.1] AndroidManifest.xml:15:5-79
	android:name
		ADDED from src/main/AndroidManifest.xml:8:22-76
uses-permission#android.permission.ACCESS_WIFI_STATE
ADDED from src/main/AndroidManifest.xml:9:5-76
MERGED from [com.netease.nimlib:basesdk:6.1.1] AndroidManifest.xml:16:5-76
MERGED from [com.netease.nimlib:basesdk:6.1.1] AndroidManifest.xml:16:5-76
	android:name
		ADDED from src/main/AndroidManifest.xml:9:22-73
uses-permission#android.permission.FLASHLIGHT
ADDED from src/main/AndroidManifest.xml:12:5-69
	android:name
		ADDED from src/main/AndroidManifest.xml:12:22-66
uses-permission#android.permission.VIBRATE
ADDED from src/main/AndroidManifest.xml:13:5-66
	android:name
		ADDED from src/main/AndroidManifest.xml:13:22-63
uses-permission#android.permission.READ_EXTERNAL_STORAGE
ADDED from src/main/AndroidManifest.xml:16:5-79
MERGED from [com.netease.nimlib:basesdk:6.1.1] AndroidManifest.xml:23:5-80
MERGED from [com.netease.nimlib:basesdk:6.1.1] AndroidManifest.xml:23:5-80
	android:name
		ADDED from src/main/AndroidManifest.xml:16:22-77
uses-permission#android.permission.WRITE_EXTERNAL_STORAGE
ADDED from src/main/AndroidManifest.xml:17:5-80
MERGED from [com.netease.nimlib:basesdk:6.1.1] AndroidManifest.xml:24:5-81
MERGED from [com.netease.nimlib:basesdk:6.1.1] AndroidManifest.xml:24:5-81
	android:name
		ADDED from src/main/AndroidManifest.xml:17:22-78
uses-permission#android.permission.FOREGROUND_SERVICE
ADDED from src/main/AndroidManifest.xml:20:5-77
	android:name
		ADDED from src/main/AndroidManifest.xml:20:22-74
uses-permission#android.permission.CAMERA
ADDED from src/main/AndroidManifest.xml:23:5-64
	android:name
		ADDED from src/main/AndroidManifest.xml:23:22-62
uses-permission#android.permission.RECORD_AUDIO
ADDED from src/main/AndroidManifest.xml:24:5-70
	android:name
		ADDED from src/main/AndroidManifest.xml:24:22-68
uses-permission#android.permission.READ_PHONE_STATE
ADDED from src/main/AndroidManifest.xml:25:5-74
	android:name
		ADDED from src/main/AndroidManifest.xml:25:22-72
uses-permission#android.permission.BLUETOOTH
ADDED from src/main/AndroidManifest.xml:28:5-68
	android:name
		ADDED from src/main/AndroidManifest.xml:28:22-65
uses-permission#android.permission.BLUETOOTH_ADMIN
ADDED from src/main/AndroidManifest.xml:29:5-74
	android:name
		ADDED from src/main/AndroidManifest.xml:29:22-71
uses-permission#android.permission.MODIFY_AUDIO_SETTINGS
ADDED from src/main/AndroidManifest.xml:30:5-79
	android:name
		ADDED from src/main/AndroidManifest.xml:30:22-77
uses-permission#android.permission.BROADCAST_STICKY
ADDED from src/main/AndroidManifest.xml:31:5-74
	android:name
		ADDED from src/main/AndroidManifest.xml:31:22-72
uses-permission#android.permission.WAKE_LOCK
ADDED from src/main/AndroidManifest.xml:32:5-68
	android:name
		ADDED from src/main/AndroidManifest.xml:32:22-65
uses-feature#android.hardware.camera
ADDED from src/main/AndroidManifest.xml:33:5-60
	android:name
		ADDED from src/main/AndroidManifest.xml:33:19-57
uses-feature#android.hardware.camera.autofocus
ADDED from src/main/AndroidManifest.xml:34:5-70
	android:name
		ADDED from src/main/AndroidManifest.xml:34:19-67
uses-feature#0x00020000
ADDED from src/main/AndroidManifest.xml:35:5-78
	android:glEsVersion
		ADDED from src/main/AndroidManifest.xml:35:19-51
	android:required
		ADDED from src/main/AndroidManifest.xml:35:52-75
permission#io.ultrarich.esquel.permission.RECEIVE_MSG
ADDED from src/main/AndroidManifest.xml:38:5-40:47
	android:protectionLevel
		ADDED from src/main/AndroidManifest.xml:40:9-44
	android:name
		ADDED from src/main/AndroidManifest.xml:39:9-66
uses-permission#io.ultrarich.esquel.permission.RECEIVE_MSG
ADDED from src/main/AndroidManifest.xml:43:5-82
	android:name
		ADDED from src/main/AndroidManifest.xml:43:22-79
application
ADDED from src/main/AndroidManifest.xml:46:5-115:19
MERGED from [com.android.support:design:28.0.0-alpha3] AndroidManifest.xml:22:5-20
MERGED from [com.android.support:design:28.0.0-alpha3] AndroidManifest.xml:22:5-20
MERGED from [com.android.volley:volley:1.1.0] AndroidManifest.xml:9:5-20
MERGED from [com.android.volley:volley:1.1.0] AndroidManifest.xml:9:5-20
MERGED from [com.netease.nimlib:basesdk:6.1.1] AndroidManifest.xml:26:5-61:19
MERGED from [com.netease.nimlib:basesdk:6.1.1] AndroidManifest.xml:26:5-61:19
MERGED from [com.netease.nimlib:push:6.1.1] AndroidManifest.xml:11:5-120:19
MERGED from [com.netease.nimlib:push:6.1.1] AndroidManifest.xml:11:5-120:19
MERGED from [com.android.support:support-compat:28.0.0-alpha3] AndroidManifest.xml:22:5-94
MERGED from [com.android.support:support-compat:28.0.0-alpha3] AndroidManifest.xml:22:5-94
MERGED from [com.android.support:versionedparcelable:28.0.0-alpha3] AndroidManifest.xml:22:5-23:19
MERGED from [com.android.support:versionedparcelable:28.0.0-alpha3] AndroidManifest.xml:22:5-23:19
	android:appComponentFactory
		ADDED from [com.android.support:support-compat:28.0.0-alpha3] AndroidManifest.xml:22:18-91
	android:supportsRtl
		ADDED from src/main/AndroidManifest.xml:51:9-35
	android:label
		ADDED from src/main/AndroidManifest.xml:49:9-45
	android:roundIcon
		ADDED from src/main/AndroidManifest.xml:50:9-54
	android:icon
		ADDED from src/main/AndroidManifest.xml:48:9-43
	android:allowBackup
		ADDED from src/main/AndroidManifest.xml:47:9-35
	android:theme
		ADDED from src/main/AndroidManifest.xml:53:9-44
	android:name
		ADDED from src/main/AndroidManifest.xml:52:9-73
activity#io.ultrarich.esquel.MainActivity
ADDED from src/main/AndroidManifest.xml:54:9-60:20
	android:name
		ADDED from src/main/AndroidManifest.xml:54:19-47
intent-filter#action:name:android.intent.action.MAIN+category:name:android.intent.category.LAUNCHER
ADDED from src/main/AndroidManifest.xml:55:13-59:29
action#android.intent.action.MAIN
ADDED from src/main/AndroidManifest.xml:56:17-69
	android:name
		ADDED from src/main/AndroidManifest.xml:56:25-66
category#android.intent.category.LAUNCHER
ADDED from src/main/AndroidManifest.xml:58:17-77
	android:name
		ADDED from src/main/AndroidManifest.xml:58:27-74
meta-data#com.netease.nim.appKey
ADDED from src/main/AndroidManifest.xml:64:9-65:64
	android:value
		ADDED from src/main/AndroidManifest.xml:65:13-61
	android:name
		ADDED from src/main/AndroidManifest.xml:64:20-57
service#com.netease.nimlib.service.NimService
ADDED from src/main/AndroidManifest.xml:68:9-70:38
MERGED from [com.netease.nimlib:basesdk:6.1.1] AndroidManifest.xml:29:9-31:39
MERGED from [com.netease.nimlib:basesdk:6.1.1] AndroidManifest.xml:29:9-31:39
	android:process
		ADDED from src/main/AndroidManifest.xml:70:13-36
	android:name
		ADDED from src/main/AndroidManifest.xml:69:13-65
service#com.netease.nimlib.service.NimService$Aux
ADDED from src/main/AndroidManifest.xml:73:9-75:38
MERGED from [com.netease.nimlib:basesdk:6.1.1] AndroidManifest.xml:34:9-36:39
MERGED from [com.netease.nimlib:basesdk:6.1.1] AndroidManifest.xml:34:9-36:39
	android:process
		ADDED from src/main/AndroidManifest.xml:75:13-36
	android:name
		ADDED from src/main/AndroidManifest.xml:74:13-69
service#com.netease.nimlib.job.NIMJobService
ADDED from src/main/AndroidManifest.xml:78:9-82:38
MERGED from [com.netease.nimlib:basesdk:6.1.1] AndroidManifest.xml:39:9-43:39
MERGED from [com.netease.nimlib:basesdk:6.1.1] AndroidManifest.xml:39:9-43:39
	android:process
		ADDED from src/main/AndroidManifest.xml:82:13-36
	android:exported
		ADDED from src/main/AndroidManifest.xml:80:13-36
	android:permission
		ADDED from src/main/AndroidManifest.xml:81:13-69
	android:name
		ADDED from src/main/AndroidManifest.xml:79:13-64
receiver#com.netease.nimlib.service.NimReceiver
ADDED from src/main/AndroidManifest.xml:92:9-99:20
MERGED from [com.netease.nimlib:basesdk:6.1.1] AndroidManifest.xml:46:9-54:20
MERGED from [com.netease.nimlib:basesdk:6.1.1] AndroidManifest.xml:46:9-54:20
	android:process
		ADDED from src/main/AndroidManifest.xml:93:13-36
	android:exported
		ADDED from src/main/AndroidManifest.xml:94:13-37
	android:name
		ADDED from src/main/AndroidManifest.xml:92:19-72
intent-filter#action:name:android.intent.action.BOOT_COMPLETED+action:name:android.net.conn.CONNECTIVITY_CHANGE
ADDED from src/main/AndroidManifest.xml:95:13-98:29
action#android.intent.action.BOOT_COMPLETED
ADDED from src/main/AndroidManifest.xml:96:17-78
	android:name
		ADDED from src/main/AndroidManifest.xml:96:25-76
action#android.net.conn.CONNECTIVITY_CHANGE
ADDED from src/main/AndroidManifest.xml:97:17-78
	android:name
		ADDED from src/main/AndroidManifest.xml:97:25-76
receiver#com.netease.nimlib.service.ResponseReceiver
ADDED from src/main/AndroidManifest.xml:102:9-79
MERGED from [com.netease.nimlib:basesdk:6.1.1] AndroidManifest.xml:57:9-80
MERGED from [com.netease.nimlib:basesdk:6.1.1] AndroidManifest.xml:57:9-80
	android:name
		ADDED from src/main/AndroidManifest.xml:102:19-77
service#com.netease.nimlib.service.ResponseService
ADDED from src/main/AndroidManifest.xml:105:9-77
MERGED from [com.netease.nimlib:basesdk:6.1.1] AndroidManifest.xml:60:9-78
MERGED from [com.netease.nimlib:basesdk:6.1.1] AndroidManifest.xml:60:9-78
	android:name
		ADDED from src/main/AndroidManifest.xml:105:18-75
provider#com.netease.nimlib.ipc.NIMContentProvider
ADDED from src/main/AndroidManifest.xml:109:9-113:39
	android:process
		ADDED from src/main/AndroidManifest.xml:113:13-36
	android:authorities
		ADDED from src/main/AndroidManifest.xml:111:13-68
	android:exported
		ADDED from src/main/AndroidManifest.xml:112:13-37
	android:name
		ADDED from src/main/AndroidManifest.xml:110:13-69
uses-sdk
INJECTED from src/main/AndroidManifest.xml reason: use-sdk injection requested
INJECTED from src/main/AndroidManifest.xml
INJECTED from src/main/AndroidManifest.xml
MERGED from [com.android.support:design:28.0.0-alpha3] AndroidManifest.xml:20:5-44
MERGED from [com.android.support:design:28.0.0-alpha3] AndroidManifest.xml:20:5-44
MERGED from [com.android.support:support-v4:28.0.0-alpha3] AndroidManifest.xml:20:5-44
MERGED from [com.android.support:support-v4:28.0.0-alpha3] AndroidManifest.xml:20:5-44
MERGED from [com.android.volley:volley:1.1.0] AndroidManifest.xml:7:5-43
MERGED from [com.android.volley:volley:1.1.0] AndroidManifest.xml:7:5-43
MERGED from [com.netease.nimlib:basesdk:6.1.1] AndroidManifest.xml:8:5-11:91
MERGED from [com.netease.nimlib:basesdk:6.1.1] AndroidManifest.xml:8:5-11:91
MERGED from [com.netease.nimlib:nrtc:6.1.1] AndroidManifest.xml:7:5-9:41
MERGED from [com.netease.nimlib:nrtc:6.1.1] AndroidManifest.xml:7:5-9:41
MERGED from [com.netease.nimlib:avchat:6.1.1] AndroidManifest.xml:7:5-9:41
MERGED from [com.netease.nimlib:avchat:6.1.1] AndroidManifest.xml:7:5-9:41
MERGED from [com.netease.nimlib:chatroom:6.1.1] AndroidManifest.xml:7:5-9:41
MERGED from [com.netease.nimlib:chatroom:6.1.1] AndroidManifest.xml:7:5-9:41
MERGED from [com.netease.nimlib:rts:6.1.1] AndroidManifest.xml:7:5-9:41
MERGED from [com.netease.nimlib:rts:6.1.1] AndroidManifest.xml:7:5-9:41
MERGED from [com.netease.nimlib:lucene:6.1.1] AndroidManifest.xml:7:5-9:41
MERGED from [com.netease.nimlib:lucene:6.1.1] AndroidManifest.xml:7:5-9:41
MERGED from [com.netease.nimlib:push:6.1.1] AndroidManifest.xml:7:5-9:41
MERGED from [com.netease.nimlib:push:6.1.1] AndroidManifest.xml:7:5-9:41
MERGED from [com.android.support:appcompat-v7:28.0.0-alpha3] AndroidManifest.xml:20:5-44
MERGED from [com.android.support:appcompat-v7:28.0.0-alpha3] AndroidManifest.xml:20:5-44
MERGED from [com.android.support:support-fragment:28.0.0-alpha3] AndroidManifest.xml:20:5-44
MERGED from [com.android.support:support-fragment:28.0.0-alpha3] AndroidManifest.xml:20:5-44
MERGED from [com.android.support:recyclerview-v7:28.0.0-alpha3] AndroidManifest.xml:20:5-44
MERGED from [com.android.support:recyclerview-v7:28.0.0-alpha3] AndroidManifest.xml:20:5-44
MERGED from [com.android.support:animated-vector-drawable:28.0.0-alpha3] AndroidManifest.xml:20:5-44
MERGED from [com.android.support:animated-vector-drawable:28.0.0-alpha3] AndroidManifest.xml:20:5-44
MERGED from [com.android.support:support-core-ui:28.0.0-alpha3] AndroidManifest.xml:20:5-44
MERGED from [com.android.support:support-core-ui:28.0.0-alpha3] AndroidManifest.xml:20:5-44
MERGED from [com.android.support:support-core-utils:28.0.0-alpha3] AndroidManifest.xml:20:5-44
MERGED from [com.android.support:support-core-utils:28.0.0-alpha3] AndroidManifest.xml:20:5-44
MERGED from [com.android.support:transition:28.0.0-alpha3] AndroidManifest.xml:20:5-44
MERGED from [com.android.support:transition:28.0.0-alpha3] AndroidManifest.xml:20:5-44
MERGED from [com.android.support:support-media-compat:28.0.0-alpha3] AndroidManifest.xml:20:5-44
MERGED from [com.android.support:support-media-compat:28.0.0-alpha3] AndroidManifest.xml:20:5-44
MERGED from [com.android.support:viewpager:28.0.0-alpha3] AndroidManifest.xml:20:5-44
MERGED from [com.android.support:viewpager:28.0.0-alpha3] AndroidManifest.xml:20:5-44
MERGED from [com.android.support:coordinatorlayout:28.0.0-alpha3] AndroidManifest.xml:20:5-44
MERGED from [com.android.support:coordinatorlayout:28.0.0-alpha3] AndroidManifest.xml:20:5-44
MERGED from [com.android.support:drawerlayout:28.0.0-alpha3] AndroidManifest.xml:20:5-44
MERGED from [com.android.support:drawerlayout:28.0.0-alpha3] AndroidManifest.xml:20:5-44
MERGED from [com.android.support:slidingpanelayout:28.0.0-alpha3] AndroidManifest.xml:20:5-44
MERGED from [com.android.support:slidingpanelayout:28.0.0-alpha3] AndroidManifest.xml:20:5-44
MERGED from [com.android.support:customview:28.0.0-alpha3] AndroidManifest.xml:20:5-44
MERGED from [com.android.support:customview:28.0.0-alpha3] AndroidManifest.xml:20:5-44
MERGED from [com.android.support:swiperefreshlayout:28.0.0-alpha3] AndroidManifest.xml:20:5-44
MERGED from [com.android.support:swiperefreshlayout:28.0.0-alpha3] AndroidManifest.xml:20:5-44
MERGED from [com.android.support:asynclayoutinflater:28.0.0-alpha3] AndroidManifest.xml:20:5-44
MERGED from [com.android.support:asynclayoutinflater:28.0.0-alpha3] AndroidManifest.xml:20:5-44
MERGED from [com.android.support:loader:28.0.0-alpha3] AndroidManifest.xml:20:5-44
MERGED from [com.android.support:loader:28.0.0-alpha3] AndroidManifest.xml:20:5-44
MERGED from [com.android.support:support-vector-drawable:28.0.0-alpha3] AndroidManifest.xml:20:5-44
MERGED from [com.android.support:support-vector-drawable:28.0.0-alpha3] AndroidManifest.xml:20:5-44
MERGED from [com.android.support:support-compat:28.0.0-alpha3] AndroidManifest.xml:20:5-44
MERGED from [com.android.support:support-compat:28.0.0-alpha3] AndroidManifest.xml:20:5-44
MERGED from [com.android.support:cardview-v7:28.0.0-alpha3] AndroidManifest.xml:20:5-44
MERGED from [com.android.support:cardview-v7:28.0.0-alpha3] AndroidManifest.xml:20:5-44
MERGED from [android.arch.lifecycle:runtime:1.1.1] AndroidManifest.xml:20:5-44
MERGED from [android.arch.lifecycle:runtime:1.1.1] AndroidManifest.xml:20:5-44
MERGED from [com.android.support:versionedparcelable:28.0.0-alpha3] AndroidManifest.xml:20:5-44
MERGED from [com.android.support:versionedparcelable:28.0.0-alpha3] AndroidManifest.xml:20:5-44
MERGED from [com.android.support:interpolator:28.0.0-alpha3] AndroidManifest.xml:20:5-44
MERGED from [com.android.support:interpolator:28.0.0-alpha3] AndroidManifest.xml:20:5-44
MERGED from [com.android.support:cursoradapter:28.0.0-alpha3] AndroidManifest.xml:20:5-44
MERGED from [com.android.support:cursoradapter:28.0.0-alpha3] AndroidManifest.xml:20:5-44
MERGED from [com.android.support:documentfile:28.0.0-alpha3] AndroidManifest.xml:20:5-44
MERGED from [com.android.support:documentfile:28.0.0-alpha3] AndroidManifest.xml:20:5-44
MERGED from [com.android.support:localbroadcastmanager:28.0.0-alpha3] AndroidManifest.xml:20:5-44
MERGED from [com.android.support:localbroadcastmanager:28.0.0-alpha3] AndroidManifest.xml:20:5-44
MERGED from [com.android.support:print:28.0.0-alpha3] AndroidManifest.xml:20:5-44
MERGED from [com.android.support:print:28.0.0-alpha3] AndroidManifest.xml:20:5-44
MERGED from [android.arch.lifecycle:viewmodel:1.1.1] AndroidManifest.xml:20:5-44
MERGED from [android.arch.lifecycle:viewmodel:1.1.1] AndroidManifest.xml:20:5-44
MERGED from [android.arch.lifecycle:livedata-core:1.1.1] AndroidManifest.xml:20:5-44
MERGED from [android.arch.lifecycle:livedata-core:1.1.1] AndroidManifest.xml:20:5-44
MERGED from [android.arch.core:runtime:1.1.1] AndroidManifest.xml:20:5-44
MERGED from [android.arch.core:runtime:1.1.1] AndroidManifest.xml:20:5-44
INJECTED from src/main/AndroidManifest.xml
INJECTED from src/main/AndroidManifest.xml
	tools:overrideLibrary
		ADDED from [com.netease.nimlib:basesdk:6.1.1] AndroidManifest.xml:11:9-88
	android:targetSdkVersion
		INJECTED from src/main/AndroidManifest.xml
		ADDED from src/main/AndroidManifest.xml
		INJECTED from src/main/AndroidManifest.xml
	android:minSdkVersion
		INJECTED from src/main/AndroidManifest.xml
		ADDED from src/main/AndroidManifest.xml
		INJECTED from src/main/AndroidManifest.xml
uses-permission#android.permission.CHANGE_WIFI_STATE
ADDED from [com.netease.nimlib:basesdk:6.1.1] AndroidManifest.xml:17:5-76
	android:name
		ADDED from [com.netease.nimlib:basesdk:6.1.1] AndroidManifest.xml:17:22-73
uses-permission#android.permission.GET_TASKS
ADDED from [com.netease.nimlib:basesdk:6.1.1] AndroidManifest.xml:20:5-68
	android:name
		ADDED from [com.netease.nimlib:basesdk:6.1.1] AndroidManifest.xml:20:22-65